{
  "Plan": {
    "Node Type": "Merge Join",
    "Parallel Aware": false,
    "Async Capable": false,
    "Join Type": "Inner",
    "Startup Cost": 92078.53,
    "Total Cost": 97227.87,
    "Plan Rows": 70493,
    "Plan Width": 1032,
    "Actual Startup Time": 160.15,
    "Actual Total Time": 181.897,
    "Actual Rows": 186,
    "Actual Loops": 1,
    "Inner Unique": false,
    "Merge Cond": "((a1.id = a2.answer_id) AND (a1.answer_id = a2.id))",
    "Join Filter": "(a1.id > a2.id)",
    "Rows Removed by Join Filter": 186,
    "Shared Hit Blocks": 54963,
    "Shared Read Blocks": 0,
    "Shared Dirtied Blocks": 0,
    "Shared Written Blocks": 0,
    "Local Hit Blocks": 0,
    "Local Read Blocks": 0,
    "Local Dirtied Blocks": 0,
    "Local Written Blocks": 0,
    "Temp Read Blocks": 0,
    "Temp Written Blocks": 0,
    "Plans": [
      {
        "Node Type": "Aggregate",
        "Strategy": "Hashed",
        "Partial Mode": "Simple",
        "Parent Relationship": "InitPlan",
        "Subplan Name": "CTE answers",
        "Parallel Aware": false,
        "Async Capable": false,
        "Startup Cost": 28928.29,
        "Total Cost": 29848.03,
        "Plan Rows": 91974,
        "Plan Width": 26,
        "Actual Startup Time": 108.14,
        "Actual Total Time": 115.679,
        "Actual Rows": 40926,
        "Actual Loops": 1,
        "Group Key": [
          "u.id",
          "u.displayname",
          "u2.id",
          "u2.displayname"
        ],
        "Planned Partitions": 0,
        "HashAgg Batches": 1,
        "Peak Memory Usage": 4625,
        "Disk Usage": 0,
        "Shared Hit Blocks": 54963,
        "Shared Read Blocks": 0,
        "Shared Dirtied Blocks": 0,
        "Shared Written Blocks": 0,
        "Local Hit Blocks": 0,
        "Local Read Blocks": 0,
        "Local Dirtied Blocks": 0,
        "Local Written Blocks": 0,
        "Temp Read Blocks": 0,
        "Temp Written Blocks": 0,
        "Plans": [
          {
            "Node Type": "Hash Join",
            "Parent Relationship": "Outer",
            "Parallel Aware": false,
            "Async Capable": false,
            "Join Type": "Inner",
            "Startup Cost": 3635.23,
            "Total Cost": 28008.55,
            "Plan Rows": 91974,
            "Plan Width": 26,
            "Actual Startup Time": 17.684,
            "Actual Total Time": 93.125,
            "Actual Rows": 44696,
            "Actual Loops": 1,
            "Inner Unique": true,
            "Hash Cond": "(a.owneruserid = u2.id)",
            "Join Filter": "(u2.id <> u.id)",
            "Rows Removed by Join Filter": 1442,
            "Shared Hit Blocks": 54963,
            "Shared Read Blocks": 0,
            "Shared Dirtied Blocks": 0,
            "Shared Written Blocks": 0,
            "Local Hit Blocks": 0,
            "Local Read Blocks": 0,
            "Local Dirtied Blocks": 0,
            "Local Written Blocks": 0,
            "Temp Read Blocks": 0,
            "Temp Written Blocks": 0,
            "Plans": [
              {
                "Node Type": "Hash Join",
                "Parent Relationship": "Outer",
                "Parallel Aware": false,
                "Async Capable": false,
                "Join Type": "Inner",
                "Startup Cost": 1823.91,
                "Total Cost": 25955.78,
                "Plan Rows": 91976,
                "Plan Width": 17,
                "Actual Startup Time": 8.384,
                "Actual Total Time": 73.113,
                "Actual Rows": 46720,
                "Actual Loops": 1,
                "Inner Unique": true,
                "Hash Cond": "(p.owneruserid = u.id)",
                "Shared Hit Blocks": 54059,
                "Shared Read Blocks": 0,
                "Shared Dirtied Blocks": 0,
                "Shared Written Blocks": 0,
                "Local Hit Blocks": 0,
                "Local Read Blocks": 0,
                "Local Dirtied Blocks": 0,
                "Local Written Blocks": 0,
                "Temp Read Blocks": 0,
                "Temp Written Blocks": 0,
                "Plans": [
                  {
                    "Node Type": "Merge Join",
                    "Parent Relationship": "Outer",
                    "Parallel Aware": false,
                    "Async Capable": false,
                    "Join Type": "Inner",
                    "Startup Cost": 12.6,
                    "Total Cost": 23903.01,
                    "Plan Rows": 91976,
                    "Plan Width": 8,
                    "Actual Startup Time": 0.027,
                    "Actual Total Time": 54.534,
                    "Actual Rows": 47755,
                    "Actual Loops": 1,
                    "Inner Unique": false,
                    "Merge Cond": "(p.id = a.parentid)",
                    "Shared Hit Blocks": 53155,
                    "Shared Read Blocks": 0,
                    "Shared Dirtied Blocks": 0,
                    "Shared Written Blocks": 0,
                    "Local Hit Blocks": 0,
                    "Local Read Blocks": 0,
                    "Local Dirtied Blocks": 0,
                    "Local Written Blocks": 0,
                    "Temp Read Blocks": 0,
                    "Temp Written Blocks": 0,
                    "Plans": [
                      {
                        "Node Type": "Index Scan",
                        "Parent Relationship": "Outer",
                        "Parallel Aware": false,
                        "Async Capable": false,
                        "Scan Direction": "Forward",
                        "Index Name": "posts_pkey",
                        "Relation Name": "posts",
                        "Alias": "p",
                        "Startup Cost": 0.29,
                        "Total Cost": 13889.79,
                        "Plan Rows": 91976,
                        "Plan Width": 8,
                        "Actual Startup Time": 0.014,
                        "Actual Total Time": 13.886,
                        "Actual Rows": 91974,
                        "Actual Loops": 1,
                        "Shared Hit Blocks": 13541,
                        "Shared Read Blocks": 0,
                        "Shared Dirtied Blocks": 0,
                        "Shared Written Blocks": 0,
                        "Local Hit Blocks": 0,
                        "Local Read Blocks": 0,
                        "Local Dirtied Blocks": 0,
                        "Local Written Blocks": 0,
                        "Temp Read Blocks": 0,
                        "Temp Written Blocks": 0
                      },
                      {
                        "Node Type": "Index Scan",
                        "Parent Relationship": "Inner",
                        "Parallel Aware": false,
                        "Async Capable": false,
                        "Scan Direction": "Forward",
                        "Index Name": "posts_parentid_fkey",
                        "Relation Name": "posts",
                        "Alias": "a",
                        "Startup Cost": 0.29,
                        "Total Cost": 17597.98,
                        "Plan Rows": 91976,
                        "Plan Width": 8,
                        "Actual Startup Time": 0.008,
                        "Actual Total Time": 18.461,
                        "Actual Rows": 47756,
                        "Actual Loops": 1,
                        "Shared Hit Blocks": 39614,
                        "Shared Read Blocks": 0,
                        "Shared Dirtied Blocks": 0,
                        "Shared Written Blocks": 0,
                        "Local Hit Blocks": 0,
                        "Local Read Blocks": 0,
                        "Local Dirtied Blocks": 0,
                        "Local Written Blocks": 0,
                        "Temp Read Blocks": 0,
                        "Temp Written Blocks": 0
                      }
                    ]
                  },
                  {
                    "Node Type": "Hash",
                    "Parent Relationship": "Inner",
                    "Parallel Aware": false,
                    "Async Capable": false,
                    "Startup Cost": 1307.25,
                    "Total Cost": 1307.25,
                    "Plan Rows": 40325,
                    "Plan Width": 13,
                    "Actual Startup Time": 8.316,
                    "Actual Total Time": 8.317,
                    "Actual Rows": 40325,
                    "Actual Loops": 1,
                    "Hash Buckets": 65536,
                    "Original Hash Buckets": 65536,
                    "Hash Batches": 1,
                    "Original Hash Batches": 1,
                    "Peak Memory Usage": 2307,
                    "Shared Hit Blocks": 904,
                    "Shared Read Blocks": 0,
                    "Shared Dirtied Blocks": 0,
                    "Shared Written Blocks": 0,
                    "Local Hit Blocks": 0,
                    "Local Read Blocks": 0,
                    "Local Dirtied Blocks": 0,
                    "Local Written Blocks": 0,
                    "Temp Read Blocks": 0,
                    "Temp Written Blocks": 0,
                    "Plans": [
                      {
                        "Node Type": "Seq Scan",
                        "Parent Relationship": "Outer",
                        "Parallel Aware": false,
                        "Async Capable": false,
                        "Relation Name": "users",
                        "Alias": "u",
                        "Startup Cost": 0.0,
                        "Total Cost": 1307.25,
                        "Plan Rows": 40325,
                        "Plan Width": 13,
                        "Actual Startup Time": 0.011,
                        "Actual Total Time": 4.036,
                        "Actual Rows": 40325,
                        "Actual Loops": 1,
                        "Shared Hit Blocks": 904,
                        "Shared Read Blocks": 0,
                        "Shared Dirtied Blocks": 0,
                        "Shared Written Blocks": 0,
                        "Local Hit Blocks": 0,
                        "Local Read Blocks": 0,
                        "Local Dirtied Blocks": 0,
                        "Local Written Blocks": 0,
                        "Temp Read Blocks": 0,
                        "Temp Written Blocks": 0
                      }
                    ]
                  }
                ]
              },
              {
                "Node Type": "Hash",
                "Parent Relationship": "Inner",
                "Parallel Aware": false,
                "Async Capable": false,
                "Startup Cost": 1307.25,
                "Total Cost": 1307.25,
                "Plan Rows": 40325,
                "Plan Width": 13,
                "Actual Startup Time": 9.264,
                "Actual Total Time": 9.264,
                "Actual Rows": 40325,
                "Actual Loops": 1,
                "Hash Buckets": 65536,
                "Original Hash Buckets": 65536,
                "Hash Batches": 1,
                "Original Hash Batches": 1,
                "Peak Memory Usage": 2307,
                "Shared Hit Blocks": 904,
                "Shared Read Blocks": 0,
                "Shared Dirtied Blocks": 0,
                "Shared Written Blocks": 0,
                "Local Hit Blocks": 0,
                "Local Read Blocks": 0,
                "Local Dirtied Blocks": 0,
                "Local Written Blocks": 0,
                "Temp Read Blocks": 0,
                "Temp Written Blocks": 0,
                "Plans": [
                  {
                    "Node Type": "Seq Scan",
                    "Parent Relationship": "Outer",
                    "Parallel Aware": false,
                    "Async Capable": false,
                    "Relation Name": "users",
                    "Alias": "u2",
                    "Startup Cost": 0.0,
                    "Total Cost": 1307.25,
                    "Plan Rows": 40325,
                    "Plan Width": 13,
                    "Actual Startup Time": 0.006,
                    "Actual Total Time": 4.522,
                    "Actual Rows": 40325,
                    "Actual Loops": 1,
                    "Shared Hit Blocks": 904,
                    "Shared Read Blocks": 0,
                    "Shared Dirtied Blocks": 0,
                    "Shared Written Blocks": 0,
                    "Local Hit Blocks": 0,
                    "Local Read Blocks": 0,
                    "Local Dirtied Blocks": 0,
                    "Local Written Blocks": 0,
                    "Temp Read Blocks": 0,
                    "Temp Written Blocks": 0
                  }
                ]
              }
            ]
          }
        ]
      },
      {
        "Node Type": "Sort",
        "Parent Relationship": "Outer",
        "Parallel Aware": false,
        "Async Capable": false,
        "Startup Cost": 31115.25,
        "Total Cost": 31345.18,
        "Plan Rows": 91974,
        "Plan Width": 524,
        "Actual Startup Time": 137.079,
        "Actual Total Time": 141.119,
        "Actual Rows": 40925,
        "Actual Loops": 1,
        "Sort Key": [
          "a1.id",
          "a1.answer_id"
        ],
        "Sort Method": "quicksort",
        "Sort Space Used": 2994,
        "Sort Space Type": "Memory",
        "Shared Hit Blocks": 54963,
        "Shared Read Blocks": 0,
        "Shared Dirtied Blocks": 0,
        "Shared Written Blocks": 0,
        "Local Hit Blocks": 0,
        "Local Read Blocks": 0,
        "Local Dirtied Blocks": 0,
        "Local Written Blocks": 0,
        "Temp Read Blocks": 0,
        "Temp Written Blocks": 0,
        "Plans": [
          {
            "Node Type": "CTE Scan",
            "Parent Relationship": "Outer",
            "Parallel Aware": false,
            "Async Capable": false,
            "CTE Name": "answers",
            "Alias": "a1",
            "Startup Cost": 0.0,
            "Total Cost": 1839.48,
            "Plan Rows": 91974,
            "Plan Width": 524,
            "Actual Startup Time": 108.142,
            "Actual Total Time": 125.536,
            "Actual Rows": 40926,
            "Actual Loops": 1,
            "Shared Hit Blocks": 54963,
            "Shared Read Blocks": 0,
            "Shared Dirtied Blocks": 0,
            "Shared Written Blocks": 0,
            "Local Hit Blocks": 0,
            "Local Read Blocks": 0,
            "Local Dirtied Blocks": 0,
            "Local Written Blocks": 0,
            "Temp Read Blocks": 0,
            "Temp Written Blocks": 0
          }
        ]
      },
      {
        "Node Type": "Materialize",
        "Parent Relationship": "Inner",
        "Parallel Aware": false,
        "Async Capable": false,
        "Startup Cost": 31115.25,
        "Total Cost": 31575.12,
        "Plan Rows": 91974,
        "Plan Width": 524,
        "Actual Startup Time": 22.899,
        "Actual Total Time": 31.176,
        "Actual Rows": 40926,
        "Actual Loops": 1,
        "Shared Hit Blocks": 0,
        "Shared Read Blocks": 0,
        "Shared Dirtied Blocks": 0,
        "Shared Written Blocks": 0,
        "Local Hit Blocks": 0,
        "Local Read Blocks": 0,
        "Local Dirtied Blocks": 0,
        "Local Written Blocks": 0,
        "Temp Read Blocks": 0,
        "Temp Written Blocks": 0,
        "Plans": [
          {
            "Node Type": "Sort",
            "Parent Relationship": "Outer",
            "Parallel Aware": false,
            "Async Capable": false,
            "Startup Cost": 31115.25,
            "Total Cost": 31345.18,
            "Plan Rows": 91974,
            "Plan Width": 524,
            "Actual Startup Time": 22.894,
            "Actual Total Time": 26.164,
            "Actual Rows": 40926,
            "Actual Loops": 1,
            "Sort Key": [
              "a2.answer_id",
              "a2.id"
            ],
            "Sort Method": "quicksort",
            "Sort Space Used": 2994,
            "Sort Space Type": "Memory",
            "Shared Hit Blocks": 0,
            "Shared Read Blocks": 0,
            "Shared Dirtied Blocks": 0,
            "Shared Written Blocks": 0,
            "Local Hit Blocks": 0,
            "Local Read Blocks": 0,
            "Local Dirtied Blocks": 0,
            "Local Written Blocks": 0,
            "Temp Read Blocks": 0,
            "Temp Written Blocks": 0,
            "Plans": [
              {
                "Node Type": "CTE Scan",
                "Parent Relationship": "Outer",
                "Parallel Aware": false,
                "Async Capable": false,
                "CTE Name": "answers",
                "Alias": "a2",
                "Startup Cost": 0.0,
                "Total Cost": 1839.48,
                "Plan Rows": 91974,
                "Plan Width": 524,
                "Actual Startup Time": 0.001,
                "Actual Total Time": 3.786,
                "Actual Rows": 40926,
                "Actual Loops": 1,
                "Shared Hit Blocks": 0,
                "Shared Read Blocks": 0,
                "Shared Dirtied Blocks": 0,
                "Shared Written Blocks": 0,
                "Local Hit Blocks": 0,
                "Local Read Blocks": 0,
                "Local Dirtied Blocks": 0,
                "Local Written Blocks": 0,
                "Temp Read Blocks": 0,
                "Temp Written Blocks": 0
              }
            ]
          }
        ]
      }
    ]
  },
  "Settings": {},
  "Planning": {
    "Shared Hit Blocks": 36,
    "Shared Read Blocks": 0,
    "Shared Dirtied Blocks": 0,
    "Shared Written Blocks": 0,
    "Local Hit Blocks": 0,
    "Local Read Blocks": 0,
    "Local Dirtied Blocks": 0,
    "Local Written Blocks": 0,
    "Temp Read Blocks": 0,
    "Temp Written Blocks": 0
  },
  "Planning Time": 0.462,
  "Triggers": [],
  "Execution Time": 183.173
}