{
  "Plan": {
    "Node Type": "Merge Join",
    "Parallel Aware": false,
    "Async Capable": false,
    "Join Type": "Inner",
    "Startup Cost": 934.1,
    "Total Cost": 969.26,
    "Plan Rows": 42,
    "Plan Width": 1032,
    "Actual Startup Time": 36.159,
    "Actual Total Time": 46.663,
    "Actual Rows": 186,
    "Actual Loops": 1,
    "Inner Unique": false,
    "Merge Cond": "((a1.id = a2.answer_id) AND (a1.answer_id = a2.id))",
    "Join Filter": "(a1.id > a2.id)",
    "Rows Removed by Join Filter": 186,
    "Shared Hit Blocks": 640,
    "Shared Read Blocks": 0,
    "Shared Dirtied Blocks": 0,
    "Shared Written Blocks": 0,
    "Local Hit Blocks": 0,
    "Local Read Blocks": 0,
    "Local Dirtied Blocks": 0,
    "Local Written Blocks": 0,
    "Temp Read Blocks": 0,
    "Temp Written Blocks": 0,
    "Plans": [
      {
        "Node Type": "Sort",
        "Parent Relationship": "Outer",
        "Parallel Aware": false,
        "Async Capable": false,
        "Startup Cost": 467.05,
        "Total Cost": 472.65,
        "Plan Rows": 2240,
        "Plan Width": 524,
        "Actual Startup Time": 15.496,
        "Actual Total Time": 18.237,
        "Actual Rows": 40925,
        "Actual Loops": 1,
        "Sort Key": [
          "a1.id",
          "a1.answer_id"
        ],
        "Sort Method": "quicksort",
        "Sort Space Used": 2994,
        "Sort Space Type": "Memory",
        "Shared Hit Blocks": 320,
        "Shared Read Blocks": 0,
        "Shared Dirtied Blocks": 0,
        "Shared Written Blocks": 0,
        "Local Hit Blocks": 0,
        "Local Read Blocks": 0,
        "Local Dirtied Blocks": 0,
        "Local Written Blocks": 0,
        "Temp Read Blocks": 0,
        "Temp Written Blocks": 0,
        "Plans": [
          {
            "Node Type": "Seq Scan",
            "Parent Relationship": "Outer",
            "Parallel Aware": false,
            "Async Capable": false,
            "Relation Name": "answersviewmat",
            "Alias": "a1",
            "Startup Cost": 0.0,
            "Total Cost": 342.4,
            "Plan Rows": 2240,
            "Plan Width": 524,
            "Actual Startup Time": 0.008,
            "Actual Total Time": 3.714,
            "Actual Rows": 40926,
            "Actual Loops": 1,
            "Shared Hit Blocks": 320,
            "Shared Read Blocks": 0,
            "Shared Dirtied Blocks": 0,
            "Shared Written Blocks": 0,
            "Local Hit Blocks": 0,
            "Local Read Blocks": 0,
            "Local Dirtied Blocks": 0,
            "Local Written Blocks": 0,
            "Temp Read Blocks": 0,
            "Temp Written Blocks": 0
          }
        ]
      },
      {
        "Node Type": "Sort",
        "Parent Relationship": "Inner",
        "Parallel Aware": false,
        "Async Capable": false,
        "Startup Cost": 467.05,
        "Total Cost": 472.65,
        "Plan Rows": 2240,
        "Plan Width": 524,
        "Actual Startup Time": 20.576,
        "Actual Total Time": 22.622,
        "Actual Rows": 40926,
        "Actual Loops": 1,
        "Sort Key": [
          "a2.answer_id",
          "a2.id"
        ],
        "Sort Method": "quicksort",
        "Sort Space Used": 2994,
        "Sort Space Type": "Memory",
        "Shared Hit Blocks": 320,
        "Shared Read Blocks": 0,
        "Shared Dirtied Blocks": 0,
        "Shared Written Blocks": 0,
        "Local Hit Blocks": 0,
        "Local Read Blocks": 0,
        "Local Dirtied Blocks": 0,
        "Local Written Blocks": 0,
        "Temp Read Blocks": 0,
        "Temp Written Blocks": 0,
        "Plans": [
          {
            "Node Type": "Seq Scan",
            "Parent Relationship": "Outer",
            "Parallel Aware": false,
            "Async Capable": false,
            "Relation Name": "answersviewmat",
            "Alias": "a2",
            "Startup Cost": 0.0,
            "Total Cost": 342.4,
            "Plan Rows": 2240,
            "Plan Width": 524,
            "Actual Startup Time": 0.015,
            "Actual Total Time": 3.77,
            "Actual Rows": 40926,
            "Actual Loops": 1,
            "Shared Hit Blocks": 320,
            "Shared Read Blocks": 0,
            "Shared Dirtied Blocks": 0,
            "Shared Written Blocks": 0,
            "Local Hit Blocks": 0,
            "Local Read Blocks": 0,
            "Local Dirtied Blocks": 0,
            "Local Written Blocks": 0,
            "Temp Read Blocks": 0,
            "Temp Written Blocks": 0
          }
        ]
      }
    ]
  },
  "Settings": {},
  "Planning": {
    "Shared Hit Blocks": 0,
    "Shared Read Blocks": 0,
    "Shared Dirtied Blocks": 0,
    "Shared Written Blocks": 0,
    "Local Hit Blocks": 0,
    "Local Read Blocks": 0,
    "Local Dirtied Blocks": 0,
    "Local Written Blocks": 0,
    "Temp Read Blocks": 0,
    "Temp Written Blocks": 0
  },
  "Planning Time": 0.068,
  "Triggers": [],
  "Execution Time": 47.111
}