{
  "Plan": {
    "Node Type": "Aggregate",
    "Strategy": "Hashed",
    "Partial Mode": "Simple",
    "Parallel Aware": false,
    "Async Capable": false,
    "Startup Cost": 424.32,
    "Total Cost": 427.62,
    "Plan Rows": 264,
    "Plan Width": 552,
    "Actual Startup Time": 12.572,
    "Actual Total Time": 21.052,
    "Actual Rows": 13080,
    "Actual Loops": 1,
    "Group Key": [
      "id",
      "displayname"
    ],
    "Planned Partitions": 0,
    "HashAgg Batches": 5,
    "Peak Memory Usage": 1145,
    "Disk Usage": 1576,
    "Shared Hit Blocks": 384,
    "Shared Read Blocks": 0,
    "Shared Dirtied Blocks": 0,
    "Shared Written Blocks": 0,
    "Local Hit Blocks": 0,
    "Local Read Blocks": 0,
    "Local Dirtied Blocks": 0,
    "Local Written Blocks": 0,
    "Temp Read Blocks": 118,
    "Temp Written Blocks": 279,
    "Plans": [
      {
        "Node Type": "Seq Scan",
        "Parent Relationship": "Outer",
        "Parallel Aware": false,
        "Async Capable": false,
        "Relation Name": "lastinteractionsviewmat",
        "Alias": "lastinteractionsviewmat",
        "Startup Cost": 0.0,
        "Total Cost": 417.6,
        "Plan Rows": 896,
        "Plan Width": 1036,
        "Actual Startup Time": 0.014,
        "Actual Total Time": 4.124,
        "Actual Rows": 24403,
        "Actual Loops": 1,
        "Filter": "(rownum <= 3)",
        "Rows Removed by Filter": 20293,
        "Shared Hit Blocks": 384,
        "Shared Read Blocks": 0,
        "Shared Dirtied Blocks": 0,
        "Shared Written Blocks": 0,
        "Local Hit Blocks": 0,
        "Local Read Blocks": 0,
        "Local Dirtied Blocks": 0,
        "Local Written Blocks": 0,
        "Temp Read Blocks": 0,
        "Temp Written Blocks": 0
      }
    ]
  },
  "Settings": {},
  "Planning": {
    "Shared Hit Blocks": 1,
    "Shared Read Blocks": 0,
    "Shared Dirtied Blocks": 0,
    "Shared Written Blocks": 0,
    "Local Hit Blocks": 0,
    "Local Read Blocks": 0,
    "Local Dirtied Blocks": 0,
    "Local Written Blocks": 0,
    "Temp Read Blocks": 0,
    "Temp Written Blocks": 0
  },
  "Planning Time": 0.054,
  "Triggers": [],
  "Execution Time": 21.98
}