{
  "Plan": {
    "Node Type": "Aggregate",
    "Strategy": "Sorted",
    "Partial Mode": "Simple",
    "Parallel Aware": false,
    "Async Capable": false,
    "Startup Cost": 14957.15,
    "Total Cost": 14957.21,
    "Plan Rows": 3,
    "Plan Width": 45,
    "Actual Startup Time": 41.514,
    "Actual Total Time": 41.715,
    "Actual Rows": 70,
    "Actual Loops": 1,
    "Group Key": [
      "u.id"
    ],
    "Shared Hit Blocks": 12428,
    "Shared Read Blocks": 0,
    "Shared Dirtied Blocks": 0,
    "Shared Written Blocks": 0,
    "Local Hit Blocks": 0,
    "Local Read Blocks": 0,
    "Local Dirtied Blocks": 0,
    "Local Written Blocks": 0,
    "Temp Read Blocks": 0,
    "Temp Written Blocks": 0,
    "Plans": [
      {
        "Node Type": "Sort",
        "Parent Relationship": "Outer",
        "Parallel Aware": false,
        "Async Capable": false,
        "Startup Cost": 14957.15,
        "Total Cost": 14957.16,
        "Plan Rows": 3,
        "Plan Width": 897,
        "Actual Startup Time": 41.5,
        "Actual Total Time": 41.511,
        "Actual Rows": 70,
        "Actual Loops": 1,
        "Sort Key": [
          "u.id"
        ],
        "Sort Method": "quicksort",
        "Sort Space Used": 84,
        "Sort Space Type": "Memory",
        "Shared Hit Blocks": 12419,
        "Shared Read Blocks": 0,
        "Shared Dirtied Blocks": 0,
        "Shared Written Blocks": 0,
        "Local Hit Blocks": 0,
        "Local Read Blocks": 0,
        "Local Dirtied Blocks": 0,
        "Local Written Blocks": 0,
        "Temp Read Blocks": 0,
        "Temp Written Blocks": 0,
        "Plans": [
          {
            "Node Type": "Hash Join",
            "Parent Relationship": "Outer",
            "Parallel Aware": false,
            "Async Capable": false,
            "Join Type": "Inner",
            "Startup Cost": 3357.24,
            "Total Cost": 14957.13,
            "Plan Rows": 3,
            "Plan Width": 897,
            "Actual Startup Time": 25.527,
            "Actual Total Time": 41.44,
            "Actual Rows": 70,
            "Actual Loops": 1,
            "Inner Unique": false,
            "Hash Cond": "((p.ownerdisplayname)::text = (u.displayname)::text)",
            "Shared Hit Blocks": 12419,
            "Shared Read Blocks": 0,
            "Shared Dirtied Blocks": 0,
            "Shared Written Blocks": 0,
            "Local Hit Blocks": 0,
            "Local Read Blocks": 0,
            "Local Dirtied Blocks": 0,
            "Local Written Blocks": 0,
            "Temp Read Blocks": 0,
            "Temp Written Blocks": 0,
            "Plans": [
              {
                "Node Type": "Index Scan",
                "Parent Relationship": "Outer",
                "Parallel Aware": false,
                "Async Capable": false,
                "Scan Direction": "Forward",
                "Index Name": "posts_parentid_fkey",
                "Relation Name": "posts",
                "Alias": "p",
                "Startup Cost": 1445.13,
                "Total Cost": 13033.03,
                "Plan Rows": 110,
                "Plan Width": 892,
                "Actual Startup Time": 11.555,
                "Actual Total Time": 29.622,
                "Actual Rows": 2341,
                "Actual Loops": 1,
                "Index Cond": "(parentid IS NULL)",
                "Rows Removed by Index Recheck": 0,
                "Filter": "((NOT (ANY (id = (hashed SubPlan 1).col1))) AND (EXTRACT(year FROM creationdate) = '2012'::numeric))",
                "Rows Removed by Filter": 41880,
                "Shared Hit Blocks": 11515,
                "Shared Read Blocks": 0,
                "Shared Dirtied Blocks": 0,
                "Shared Written Blocks": 0,
                "Local Hit Blocks": 0,
                "Local Read Blocks": 0,
                "Local Dirtied Blocks": 0,
                "Local Written Blocks": 0,
                "Temp Read Blocks": 0,
                "Temp Written Blocks": 0,
                "Plans": [
                  {
                    "Node Type": "Index Only Scan",
                    "Parent Relationship": "SubPlan",
                    "Subplan Name": "SubPlan 1",
                    "Parallel Aware": false,
                    "Async Capable": false,
                    "Scan Direction": "Forward",
                    "Index Name": "posts_parentid_fkey",
                    "Relation Name": "posts",
                    "Alias": "a",
                    "Startup Cost": 0.29,
                    "Total Cost": 1324.84,
                    "Plan Rows": 47996,
                    "Plan Width": 4,
                    "Actual Startup Time": 0.025,
                    "Actual Total Time": 3.853,
                    "Actual Rows": 47755,
                    "Actual Loops": 1,
                    "Index Cond": "(parentid IS NOT NULL)",
                    "Rows Removed by Index Recheck": 0,
                    "Heap Fetches": 0,
                    "Shared Hit Blocks": 175,
                    "Shared Read Blocks": 0,
                    "Shared Dirtied Blocks": 0,
                    "Shared Written Blocks": 0,
                    "Local Hit Blocks": 0,
                    "Local Read Blocks": 0,
                    "Local Dirtied Blocks": 0,
                    "Local Written Blocks": 0,
                    "Temp Read Blocks": 0,
                    "Temp Written Blocks": 0
                  }
                ]
              },
              {
                "Node Type": "Hash",
                "Parent Relationship": "Inner",
                "Parallel Aware": false,
                "Async Capable": false,
                "Startup Cost": 1408.06,
                "Total Cost": 1408.06,
                "Plan Rows": 40324,
                "Plan Width": 13,
                "Actual Startup Time": 11.312,
                "Actual Total Time": 11.313,
                "Actual Rows": 40324,
                "Actual Loops": 1,
                "Hash Buckets": 65536,
                "Original Hash Buckets": 65536,
                "Hash Batches": 1,
                "Original Hash Batches": 1,
                "Peak Memory Usage": 2307,
                "Shared Hit Blocks": 904,
                "Shared Read Blocks": 0,
                "Shared Dirtied Blocks": 0,
                "Shared Written Blocks": 0,
                "Local Hit Blocks": 0,
                "Local Read Blocks": 0,
                "Local Dirtied Blocks": 0,
                "Local Written Blocks": 0,
                "Temp Read Blocks": 0,
                "Temp Written Blocks": 0,
                "Plans": [
                  {
                    "Node Type": "Seq Scan",
                    "Parent Relationship": "Outer",
                    "Parallel Aware": false,
                    "Async Capable": false,
                    "Relation Name": "users",
                    "Alias": "u",
                    "Startup Cost": 0.0,
                    "Total Cost": 1408.06,
                    "Plan Rows": 40324,
                    "Plan Width": 13,
                    "Actual Startup Time": 0.008,
                    "Actual Total Time": 5.499,
                    "Actual Rows": 40324,
                    "Actual Loops": 1,
                    "Filter": "((displayname)::text <> 'Community'::text)",
                    "Rows Removed by Filter": 1,
                    "Shared Hit Blocks": 904,
                    "Shared Read Blocks": 0,
                    "Shared Dirtied Blocks": 0,
                    "Shared Written Blocks": 0,
                    "Local Hit Blocks": 0,
                    "Local Read Blocks": 0,
                    "Local Dirtied Blocks": 0,
                    "Local Written Blocks": 0,
                    "Temp Read Blocks": 0,
                    "Temp Written Blocks": 0
                  }
                ]
              }
            ]
          }
        ]
      }
    ]
  },
  "Settings": {},
  "Planning": {
    "Shared Hit Blocks": 2,
    "Shared Read Blocks": 0,
    "Shared Dirtied Blocks": 0,
    "Shared Written Blocks": 0,
    "Local Hit Blocks": 0,
    "Local Read Blocks": 0,
    "Local Dirtied Blocks": 0,
    "Local Written Blocks": 0,
    "Temp Read Blocks": 0,
    "Temp Written Blocks": 0
  },
  "Planning Time": 0.246,
  "Triggers": [],
  "Execution Time": 41.769
}