{
  "Plan": {
    "Node Type": "Merge Join",
    "Parallel Aware": false,
    "Async Capable": false,
    "Join Type": "Inner",
    "Startup Cost": 80474.08,
    "Total Cost": 85623.42,
    "Plan Rows": 70493,
    "Plan Width": 18,
    "Actual Startup Time": 289.888,
    "Actual Total Time": 309.054,
    "Actual Rows": 186,
    "Actual Loops": 1,
    "Inner Unique": false,
    "Merge Cond": "((a1.id = a2.answer_id) AND (a1.answer_id = a2.id))",
    "Join Filter": "(a1.id > a2.id)",
    "Rows Removed by Join Filter": 186,
    "Shared Hit Blocks": 109926,
    "Shared Read Blocks": 0,
    "Shared Dirtied Blocks": 0,
    "Shared Written Blocks": 0,
    "Local Hit Blocks": 0,
    "Local Read Blocks": 0,
    "Local Dirtied Blocks": 0,
    "Local Written Blocks": 0,
    "Temp Read Blocks": 0,
    "Temp Written Blocks": 0,
    "Plans": [
      {
        "Node Type": "Sort",
        "Parent Relationship": "Outer",
        "Parallel Aware": false,
        "Async Capable": false,
        "Startup Cost": 40237.04,
        "Total Cost": 40466.98,
        "Plan Rows": 91974,
        "Plan Width": 17,
        "Actual Startup Time": 133.838,
        "Actual Total Time": 138.018,
        "Actual Rows": 40925,
        "Actual Loops": 1,
        "Sort Key": [
          "a1.id",
          "a1.answer_id"
        ],
        "Sort Method": "quicksort",
        "Sort Space Used": 2994,
        "Sort Space Type": "Memory",
        "Shared Hit Blocks": 54963,
        "Shared Read Blocks": 0,
        "Shared Dirtied Blocks": 0,
        "Shared Written Blocks": 0,
        "Local Hit Blocks": 0,
        "Local Read Blocks": 0,
        "Local Dirtied Blocks": 0,
        "Local Written Blocks": 0,
        "Temp Read Blocks": 0,
        "Temp Written Blocks": 0,
        "Plans": [
          {
            "Node Type": "Subquery Scan",
            "Parent Relationship": "Outer",
            "Parallel Aware": false,
            "Async Capable": false,
            "Alias": "a1",
            "Startup Cost": 28928.29,
            "Total Cost": 30767.77,
            "Plan Rows": 91974,
            "Plan Width": 17,
            "Actual Startup Time": 108.711,
            "Actual Total Time": 120.616,
            "Actual Rows": 40926,
            "Actual Loops": 1,
            "Shared Hit Blocks": 54963,
            "Shared Read Blocks": 0,
            "Shared Dirtied Blocks": 0,
            "Shared Written Blocks": 0,
            "Local Hit Blocks": 0,
            "Local Read Blocks": 0,
            "Local Dirtied Blocks": 0,
            "Local Written Blocks": 0,
            "Temp Read Blocks": 0,
            "Temp Written Blocks": 0,
            "Plans": [
              {
                "Node Type": "Aggregate",
                "Strategy": "Hashed",
                "Partial Mode": "Simple",
                "Parent Relationship": "Subquery",
                "Parallel Aware": false,
                "Async Capable": false,
                "Startup Cost": 28928.29,
                "Total Cost": 29848.03,
                "Plan Rows": 91974,
                "Plan Width": 26,
                "Actual Startup Time": 108.711,
                "Actual Total Time": 117.464,
                "Actual Rows": 40926,
                "Actual Loops": 1,
                "Group Key": [
                  "u.id",
                  "u.displayname",
                  "u2.id",
                  "u2.displayname"
                ],
                "Planned Partitions": 0,
                "HashAgg Batches": 1,
                "Peak Memory Usage": 4625,
                "Disk Usage": 0,
                "Shared Hit Blocks": 54963,
                "Shared Read Blocks": 0,
                "Shared Dirtied Blocks": 0,
                "Shared Written Blocks": 0,
                "Local Hit Blocks": 0,
                "Local Read Blocks": 0,
                "Local Dirtied Blocks": 0,
                "Local Written Blocks": 0,
                "Temp Read Blocks": 0,
                "Temp Written Blocks": 0,
                "Plans": [
                  {
                    "Node Type": "Hash Join",
                    "Parent Relationship": "Outer",
                    "Parallel Aware": false,
                    "Async Capable": false,
                    "Join Type": "Inner",
                    "Startup Cost": 3635.23,
                    "Total Cost": 28008.55,
                    "Plan Rows": 91974,
                    "Plan Width": 26,
                    "Actual Startup Time": 16.722,
                    "Actual Total Time": 92.409,
                    "Actual Rows": 44696,
                    "Actual Loops": 1,
                    "Inner Unique": true,
                    "Hash Cond": "(a.owneruserid = u2.id)",
                    "Join Filter": "(u2.id <> u.id)",
                    "Rows Removed by Join Filter": 1442,
                    "Shared Hit Blocks": 54963,
                    "Shared Read Blocks": 0,
                    "Shared Dirtied Blocks": 0,
                    "Shared Written Blocks": 0,
                    "Local Hit Blocks": 0,
                    "Local Read Blocks": 0,
                    "Local Dirtied Blocks": 0,
                    "Local Written Blocks": 0,
                    "Temp Read Blocks": 0,
                    "Temp Written Blocks": 0,
                    "Plans": [
                      {
                        "Node Type": "Hash Join",
                        "Parent Relationship": "Outer",
                        "Parallel Aware": false,
                        "Async Capable": false,
                        "Join Type": "Inner",
                        "Startup Cost": 1823.91,
                        "Total Cost": 25955.78,
                        "Plan Rows": 91976,
                        "Plan Width": 17,
                        "Actual Startup Time": 8.459,
                        "Actual Total Time": 73.446,
                        "Actual Rows": 46720,
                        "Actual Loops": 1,
                        "Inner Unique": true,
                        "Hash Cond": "(p.owneruserid = u.id)",
                        "Shared Hit Blocks": 54059,
                        "Shared Read Blocks": 0,
                        "Shared Dirtied Blocks": 0,
                        "Shared Written Blocks": 0,
                        "Local Hit Blocks": 0,
                        "Local Read Blocks": 0,
                        "Local Dirtied Blocks": 0,
                        "Local Written Blocks": 0,
                        "Temp Read Blocks": 0,
                        "Temp Written Blocks": 0,
                        "Plans": [
                          {
                            "Node Type": "Merge Join",
                            "Parent Relationship": "Outer",
                            "Parallel Aware": false,
                            "Async Capable": false,
                            "Join Type": "Inner",
                            "Startup Cost": 12.6,
                            "Total Cost": 23903.01,
                            "Plan Rows": 91976,
                            "Plan Width": 8,
                            "Actual Startup Time": 0.027,
                            "Actual Total Time": 54.708,
                            "Actual Rows": 47755,
                            "Actual Loops": 1,
                            "Inner Unique": false,
                            "Merge Cond": "(p.id = a.parentid)",
                            "Shared Hit Blocks": 53155,
                            "Shared Read Blocks": 0,
                            "Shared Dirtied Blocks": 0,
                            "Shared Written Blocks": 0,
                            "Local Hit Blocks": 0,
                            "Local Read Blocks": 0,
                            "Local Dirtied Blocks": 0,
                            "Local Written Blocks": 0,
                            "Temp Read Blocks": 0,
                            "Temp Written Blocks": 0,
                            "Plans": [
                              {
                                "Node Type": "Index Scan",
                                "Parent Relationship": "Outer",
                                "Parallel Aware": false,
                                "Async Capable": false,
                                "Scan Direction": "Forward",
                                "Index Name": "posts_pkey",
                                "Relation Name": "posts",
                                "Alias": "p",
                                "Startup Cost": 0.29,
                                "Total Cost": 13889.79,
                                "Plan Rows": 91976,
                                "Plan Width": 8,
                                "Actual Startup Time": 0.015,
                                "Actual Total Time": 14.009,
                                "Actual Rows": 91974,
                                "Actual Loops": 1,
                                "Shared Hit Blocks": 13541,
                                "Shared Read Blocks": 0,
                                "Shared Dirtied Blocks": 0,
                                "Shared Written Blocks": 0,
                                "Local Hit Blocks": 0,
                                "Local Read Blocks": 0,
                                "Local Dirtied Blocks": 0,
                                "Local Written Blocks": 0,
                                "Temp Read Blocks": 0,
                                "Temp Written Blocks": 0
                              },
                              {
                                "Node Type": "Index Scan",
                                "Parent Relationship": "Inner",
                                "Parallel Aware": false,
                                "Async Capable": false,
                                "Scan Direction": "Forward",
                                "Index Name": "posts_parentid_fkey",
                                "Relation Name": "posts",
                                "Alias": "a",
                                "Startup Cost": 0.29,
                                "Total Cost": 17597.98,
                                "Plan Rows": 91976,
                                "Plan Width": 8,
                                "Actual Startup Time": 0.008,
                                "Actual Total Time": 18.983,
                                "Actual Rows": 47756,
                                "Actual Loops": 1,
                                "Shared Hit Blocks": 39614,
                                "Shared Read Blocks": 0,
                                "Shared Dirtied Blocks": 0,
                                "Shared Written Blocks": 0,
                                "Local Hit Blocks": 0,
                                "Local Read Blocks": 0,
                                "Local Dirtied Blocks": 0,
                                "Local Written Blocks": 0,
                                "Temp Read Blocks": 0,
                                "Temp Written Blocks": 0
                              }
                            ]
                          },
                          {
                            "Node Type": "Hash",
                            "Parent Relationship": "Inner",
                            "Parallel Aware": false,
                            "Async Capable": false,
                            "Startup Cost": 1307.25,
                            "Total Cost": 1307.25,
                            "Plan Rows": 40325,
                            "Plan Width": 13,
                            "Actual Startup Time": 8.391,
                            "Actual Total Time": 8.392,
                            "Actual Rows": 40325,
                            "Actual Loops": 1,
                            "Hash Buckets": 65536,
                            "Original Hash Buckets": 65536,
                            "Hash Batches": 1,
                            "Original Hash Batches": 1,
                            "Peak Memory Usage": 2307,
                            "Shared Hit Blocks": 904,
                            "Shared Read Blocks": 0,
                            "Shared Dirtied Blocks": 0,
                            "Shared Written Blocks": 0,
                            "Local Hit Blocks": 0,
                            "Local Read Blocks": 0,
                            "Local Dirtied Blocks": 0,
                            "Local Written Blocks": 0,
                            "Temp Read Blocks": 0,
                            "Temp Written Blocks": 0,
                            "Plans": [
                              {
                                "Node Type": "Seq Scan",
                                "Parent Relationship": "Outer",
                                "Parallel Aware": false,
                                "Async Capable": false,
                                "Relation Name": "users",
                                "Alias": "u",
                                "Startup Cost": 0.0,
                                "Total Cost": 1307.25,
                                "Plan Rows": 40325,
                                "Plan Width": 13,
                                "Actual Startup Time": 0.01,
                                "Actual Total Time": 4.145,
                                "Actual Rows": 40325,
                                "Actual Loops": 1,
                                "Shared Hit Blocks": 904,
                                "Shared Read Blocks": 0,
                                "Shared Dirtied Blocks": 0,
                                "Shared Written Blocks": 0,
                                "Local Hit Blocks": 0,
                                "Local Read Blocks": 0,
                                "Local Dirtied Blocks": 0,
                                "Local Written Blocks": 0,
                                "Temp Read Blocks": 0,
                                "Temp Written Blocks": 0
                              }
                            ]
                          }
                        ]
                      },
                      {
                        "Node Type": "Hash",
                        "Parent Relationship": "Inner",
                        "Parallel Aware": false,
                        "Async Capable": false,
                        "Startup Cost": 1307.25,
                        "Total Cost": 1307.25,
                        "Plan Rows": 40325,
                        "Plan Width": 13,
                        "Actual Startup Time": 8.228,
                        "Actual Total Time": 8.228,
                        "Actual Rows": 40325,
                        "Actual Loops": 1,
                        "Hash Buckets": 65536,
                        "Original Hash Buckets": 65536,
                        "Hash Batches": 1,
                        "Original Hash Batches": 1,
                        "Peak Memory Usage": 2307,
                        "Shared Hit Blocks": 904,
                        "Shared Read Blocks": 0,
                        "Shared Dirtied Blocks": 0,
                        "Shared Written Blocks": 0,
                        "Local Hit Blocks": 0,
                        "Local Read Blocks": 0,
                        "Local Dirtied Blocks": 0,
                        "Local Written Blocks": 0,
                        "Temp Read Blocks": 0,
                        "Temp Written Blocks": 0,
                        "Plans": [
                          {
                            "Node Type": "Seq Scan",
                            "Parent Relationship": "Outer",
                            "Parallel Aware": false,
                            "Async Capable": false,
                            "Relation Name": "users",
                            "Alias": "u2",
                            "Startup Cost": 0.0,
                            "Total Cost": 1307.25,
                            "Plan Rows": 40325,
                            "Plan Width": 13,
                            "Actual Startup Time": 0.006,
                            "Actual Total Time": 4.18,
                            "Actual Rows": 40325,
                            "Actual Loops": 1,
                            "Shared Hit Blocks": 904,
                            "Shared Read Blocks": 0,
                            "Shared Dirtied Blocks": 0,
                            "Shared Written Blocks": 0,
                            "Local Hit Blocks": 0,
                            "Local Read Blocks": 0,
                            "Local Dirtied Blocks": 0,
                            "Local Written Blocks": 0,
                            "Temp Read Blocks": 0,
                            "Temp Written Blocks": 0
                          }
                        ]
                      }
                    ]
                  }
                ]
              }
            ]
          }
        ]
      },
      {
        "Node Type": "Materialize",
        "Parent Relationship": "Inner",
        "Parallel Aware": false,
        "Async Capable": false,
        "Startup Cost": 40237.04,
        "Total Cost": 40696.91,
        "Plan Rows": 91974,
        "Plan Width": 17,
        "Actual Startup Time": 155.906,
        "Actual Total Time": 163.834,
        "Actual Rows": 40926,
        "Actual Loops": 1,
        "Shared Hit Blocks": 54963,
        "Shared Read Blocks": 0,
        "Shared Dirtied Blocks": 0,
        "Shared Written Blocks": 0,
        "Local Hit Blocks": 0,
        "Local Read Blocks": 0,
        "Local Dirtied Blocks": 0,
        "Local Written Blocks": 0,
        "Temp Read Blocks": 0,
        "Temp Written Blocks": 0,
        "Plans": [
          {
            "Node Type": "Sort",
            "Parent Relationship": "Outer",
            "Parallel Aware": false,
            "Async Capable": false,
            "Startup Cost": 40237.04,
            "Total Cost": 40466.98,
            "Plan Rows": 91974,
            "Plan Width": 17,
            "Actual Startup Time": 155.897,
            "Actual Total Time": 159.839,
            "Actual Rows": 40926,
            "Actual Loops": 1,
            "Sort Key": [
              "a2.answer_id",
              "a2.id"
            ],
            "Sort Method": "quicksort",
            "Sort Space Used": 2994,
            "Sort Space Type": "Memory",
            "Shared Hit Blocks": 54963,
            "Shared Read Blocks": 0,
            "Shared Dirtied Blocks": 0,
            "Shared Written Blocks": 0,
            "Local Hit Blocks": 0,
            "Local Read Blocks": 0,
            "Local Dirtied Blocks": 0,
            "Local Written Blocks": 0,
            "Temp Read Blocks": 0,
            "Temp Written Blocks": 0,
            "Plans": [
              {
                "Node Type": "Subquery Scan",
                "Parent Relationship": "Outer",
                "Parallel Aware": false,
                "Async Capable": false,
                "Alias": "a2",
                "Startup Cost": 28928.29,
                "Total Cost": 30767.77,
                "Plan Rows": 91974,
                "Plan Width": 17,
                "Actual Startup Time": 121.477,
                "Actual Total Time": 134.44,
                "Actual Rows": 40926,
                "Actual Loops": 1,
                "Shared Hit Blocks": 54963,
                "Shared Read Blocks": 0,
                "Shared Dirtied Blocks": 0,
                "Shared Written Blocks": 0,
                "Local Hit Blocks": 0,
                "Local Read Blocks": 0,
                "Local Dirtied Blocks": 0,
                "Local Written Blocks": 0,
                "Temp Read Blocks": 0,
                "Temp Written Blocks": 0,
                "Plans": [
                  {
                    "Node Type": "Aggregate",
                    "Strategy": "Hashed",
                    "Partial Mode": "Simple",
                    "Parent Relationship": "Subquery",
                    "Parallel Aware": false,
                    "Async Capable": false,
                    "Startup Cost": 28928.29,
                    "Total Cost": 29848.03,
                    "Plan Rows": 91974,
                    "Plan Width": 26,
                    "Actual Startup Time": 121.476,
                    "Actual Total Time": 130.703,
                    "Actual Rows": 40926,
                    "Actual Loops": 1,
                    "Group Key": [
                      "u_1.id",
                      "u_1.displayname",
                      "u2_1.id",
                      "u2_1.displayname"
                    ],
                    "Planned Partitions": 0,
                    "HashAgg Batches": 1,
                    "Peak Memory Usage": 4625,
                    "Disk Usage": 0,
                    "Shared Hit Blocks": 54963,
                    "Shared Read Blocks": 0,
                    "Shared Dirtied Blocks": 0,
                    "Shared Written Blocks": 0,
                    "Local Hit Blocks": 0,
                    "Local Read Blocks": 0,
                    "Local Dirtied Blocks": 0,
                    "Local Written Blocks": 0,
                    "Temp Read Blocks": 0,
                    "Temp Written Blocks": 0,
                    "Plans": [
                      {
                        "Node Type": "Hash Join",
                        "Parent Relationship": "Outer",
                        "Parallel Aware": false,
                        "Async Capable": false,
                        "Join Type": "Inner",
                        "Startup Cost": 3635.23,
                        "Total Cost": 28008.55,
                        "Plan Rows": 91974,
                        "Plan Width": 26,
                        "Actual Startup Time": 19.411,
                        "Actual Total Time": 102.5,
                        "Actual Rows": 44696,
                        "Actual Loops": 1,
                        "Inner Unique": true,
                        "Hash Cond": "(a_1.owneruserid = u2_1.id)",
                        "Join Filter": "(u2_1.id <> u_1.id)",
                        "Rows Removed by Join Filter": 1442,
                        "Shared Hit Blocks": 54963,
                        "Shared Read Blocks": 0,
                        "Shared Dirtied Blocks": 0,
                        "Shared Written Blocks": 0,
                        "Local Hit Blocks": 0,
                        "Local Read Blocks": 0,
                        "Local Dirtied Blocks": 0,
                        "Local Written Blocks": 0,
                        "Temp Read Blocks": 0,
                        "Temp Written Blocks": 0,
                        "Plans": [
                          {
                            "Node Type": "Hash Join",
                            "Parent Relationship": "Outer",
                            "Parallel Aware": false,
                            "Async Capable": false,
                            "Join Type": "Inner",
                            "Startup Cost": 1823.91,
                            "Total Cost": 25955.78,
                            "Plan Rows": 91976,
                            "Plan Width": 17,
                            "Actual Startup Time": 10.32,
                            "Actual Total Time": 81.176,
                            "Actual Rows": 46720,
                            "Actual Loops": 1,
                            "Inner Unique": true,
                            "Hash Cond": "(p_1.owneruserid = u_1.id)",
                            "Shared Hit Blocks": 54059,
                            "Shared Read Blocks": 0,
                            "Shared Dirtied Blocks": 0,
                            "Shared Written Blocks": 0,
                            "Local Hit Blocks": 0,
                            "Local Read Blocks": 0,
                            "Local Dirtied Blocks": 0,
                            "Local Written Blocks": 0,
                            "Temp Read Blocks": 0,
                            "Temp Written Blocks": 0,
                            "Plans": [
                              {
                                "Node Type": "Merge Join",
                                "Parent Relationship": "Outer",
                                "Parallel Aware": false,
                                "Async Capable": false,
                                "Join Type": "Inner",
                                "Startup Cost": 12.6,
                                "Total Cost": 23903.01,
                                "Plan Rows": 91976,
                                "Plan Width": 8,
                                "Actual Startup Time": 0.027,
                                "Actual Total Time": 59.214,
                                "Actual Rows": 47755,
                                "Actual Loops": 1,
                                "Inner Unique": false,
                                "Merge Cond": "(p_1.id = a_1.parentid)",
                                "Shared Hit Blocks": 53155,
                                "Shared Read Blocks": 0,
                                "Shared Dirtied Blocks": 0,
                                "Shared Written Blocks": 0,
                                "Local Hit Blocks": 0,
                                "Local Read Blocks": 0,
                                "Local Dirtied Blocks": 0,
                                "Local Written Blocks": 0,
                                "Temp Read Blocks": 0,
                                "Temp Written Blocks": 0,
                                "Plans": [
                                  {
                                    "Node Type": "Index Scan",
                                    "Parent Relationship": "Outer",
                                    "Parallel Aware": false,
                                    "Async Capable": false,
                                    "Scan Direction": "Forward",
                                    "Index Name": "posts_pkey",
                                    "Relation Name": "posts",
                                    "Alias": "p_1",
                                    "Startup Cost": 0.29,
                                    "Total Cost": 13889.79,
                                    "Plan Rows": 91976,
                                    "Plan Width": 8,
                                    "Actual Startup Time": 0.014,
                                    "Actual Total Time": 15.269,
                                    "Actual Rows": 91974,
                                    "Actual Loops": 1,
                                    "Shared Hit Blocks": 13541,
                                    "Shared Read Blocks": 0,
                                    "Shared Dirtied Blocks": 0,
                                    "Shared Written Blocks": 0,
                                    "Local Hit Blocks": 0,
                                    "Local Read Blocks": 0,
                                    "Local Dirtied Blocks": 0,
                                    "Local Written Blocks": 0,
                                    "Temp Read Blocks": 0,
                                    "Temp Written Blocks": 0
                                  },
                                  {
                                    "Node Type": "Index Scan",
                                    "Parent Relationship": "Inner",
                                    "Parallel Aware": false,
                                    "Async Capable": false,
                                    "Scan Direction": "Forward",
                                    "Index Name": "posts_parentid_fkey",
                                    "Relation Name": "posts",
                                    "Alias": "a_1",
                                    "Startup Cost": 0.29,
                                    "Total Cost": 17597.98,
                                    "Plan Rows": 91976,
                                    "Plan Width": 8,
                                    "Actual Startup Time": 0.008,
                                    "Actual Total Time": 21.238,
                                    "Actual Rows": 47756,
                                    "Actual Loops": 1,
                                    "Shared Hit Blocks": 39614,
                                    "Shared Read Blocks": 0,
                                    "Shared Dirtied Blocks": 0,
                                    "Shared Written Blocks": 0,
                                    "Local Hit Blocks": 0,
                                    "Local Read Blocks": 0,
                                    "Local Dirtied Blocks": 0,
                                    "Local Written Blocks": 0,
                                    "Temp Read Blocks": 0,
                                    "Temp Written Blocks": 0
                                  }
                                ]
                              },
                              {
                                "Node Type": "Hash",
                                "Parent Relationship": "Inner",
                                "Parallel Aware": false,
                                "Async Capable": false,
                                "Startup Cost": 1307.25,
                                "Total Cost": 1307.25,
                                "Plan Rows": 40325,
                                "Plan Width": 13,
                                "Actual Startup Time": 10.123,
                                "Actual Total Time": 10.124,
                                "Actual Rows": 40325,
                                "Actual Loops": 1,
                                "Hash Buckets": 65536,
                                "Original Hash Buckets": 65536,
                                "Hash Batches": 1,
                                "Original Hash Batches": 1,
                                "Peak Memory Usage": 2307,
                                "Shared Hit Blocks": 904,
                                "Shared Read Blocks": 0,
                                "Shared Dirtied Blocks": 0,
                                "Shared Written Blocks": 0,
                                "Local Hit Blocks": 0,
                                "Local Read Blocks": 0,
                                "Local Dirtied Blocks": 0,
                                "Local Written Blocks": 0,
                                "Temp Read Blocks": 0,
                                "Temp Written Blocks": 0,
                                "Plans": [
                                  {
                                    "Node Type": "Seq Scan",
                                    "Parent Relationship": "Outer",
                                    "Parallel Aware": false,
                                    "Async Capable": false,
                                    "Relation Name": "users",
                                    "Alias": "u_1",
                                    "Startup Cost": 0.0,
                                    "Total Cost": 1307.25,
                                    "Plan Rows": 40325,
                                    "Plan Width": 13,
                                    "Actual Startup Time": 0.008,
                                    "Actual Total Time": 4.64,
                                    "Actual Rows": 40325,
                                    "Actual Loops": 1,
                                    "Shared Hit Blocks": 904,
                                    "Shared Read Blocks": 0,
                                    "Shared Dirtied Blocks": 0,
                                    "Shared Written Blocks": 0,
                                    "Local Hit Blocks": 0,
                                    "Local Read Blocks": 0,
                                    "Local Dirtied Blocks": 0,
                                    "Local Written Blocks": 0,
                                    "Temp Read Blocks": 0,
                                    "Temp Written Blocks": 0
                                  }
                                ]
                              }
                            ]
                          },
                          {
                            "Node Type": "Hash",
                            "Parent Relationship": "Inner",
                            "Parallel Aware": false,
                            "Async Capable": false,
                            "Startup Cost": 1307.25,
                            "Total Cost": 1307.25,
                            "Plan Rows": 40325,
                            "Plan Width": 13,
                            "Actual Startup Time": 9.049,
                            "Actual Total Time": 9.049,
                            "Actual Rows": 40325,
                            "Actual Loops": 1,
                            "Hash Buckets": 65536,
                            "Original Hash Buckets": 65536,
                            "Hash Batches": 1,
                            "Original Hash Batches": 1,
                            "Peak Memory Usage": 2307,
                            "Shared Hit Blocks": 904,
                            "Shared Read Blocks": 0,
                            "Shared Dirtied Blocks": 0,
                            "Shared Written Blocks": 0,
                            "Local Hit Blocks": 0,
                            "Local Read Blocks": 0,
                            "Local Dirtied Blocks": 0,
                            "Local Written Blocks": 0,
                            "Temp Read Blocks": 0,
                            "Temp Written Blocks": 0,
                            "Plans": [
                              {
                                "Node Type": "Seq Scan",
                                "Parent Relationship": "Outer",
                                "Parallel Aware": false,
                                "Async Capable": false,
                                "Relation Name": "users",
                                "Alias": "u2_1",
                                "Startup Cost": 0.0,
                                "Total Cost": 1307.25,
                                "Plan Rows": 40325,
                                "Plan Width": 13,
                                "Actual Startup Time": 0.018,
                                "Actual Total Time": 4.245,
                                "Actual Rows": 40325,
                                "Actual Loops": 1,
                                "Shared Hit Blocks": 904,
                                "Shared Read Blocks": 0,
                                "Shared Dirtied Blocks": 0,
                                "Shared Written Blocks": 0,
                                "Local Hit Blocks": 0,
                                "Local Read Blocks": 0,
                                "Local Dirtied Blocks": 0,
                                "Local Written Blocks": 0,
                                "Temp Read Blocks": 0,
                                "Temp Written Blocks": 0
                              }
                            ]
                          }
                        ]
                      }
                    ]
                  }
                ]
              }
            ]
          }
        ]
      }
    ]
  },
  "Settings": {},
  "Planning": {
    "Shared Hit Blocks": 72,
    "Shared Read Blocks": 0,
    "Shared Dirtied Blocks": 0,
    "Shared Written Blocks": 0,
    "Local Hit Blocks": 0,
    "Local Read Blocks": 0,
    "Local Dirtied Blocks": 0,
    "Local Written Blocks": 0,
    "Temp Read Blocks": 0,
    "Temp Written Blocks": 0
  },
  "Planning Time": 0.812,
  "Triggers": [],
  "Execution Time": 309.632
}