{
  "Plan": {
    "Node Type": "Aggregate",
    "Strategy": "Sorted",
    "Partial Mode": "Simple",
    "Parallel Aware": false,
    "Async Capable": false,
    "Startup Cost": 38107.9,
    "Total Cost": 45324.7,
    "Plan Rows": 9197,
    "Plan Width": 45,
    "Actual Startup Time": 109.401,
    "Actual Total Time": 140.757,
    "Actual Rows": 13080,
    "Actual Loops": 1,
    "Group Key": [
      "u.id",
      "u.displayname"
    ],
    "Shared Hit Blocks": 54963,
    "Shared Read Blocks": 0,
    "Shared Dirtied Blocks": 0,
    "Shared Written Blocks": 0,
    "Local Hit Blocks": 0,
    "Local Read Blocks": 0,
    "Local Dirtied Blocks": 0,
    "Local Written Blocks": 0,
    "Temp Read Blocks": 0,
    "Temp Written Blocks": 0,
    "Plans": [
      {
        "Node Type": "Unique",
        "Parent Relationship": "Outer",
        "Parallel Aware": false,
        "Async Capable": false,
        "Startup Cost": 38107.9,
        "Total Cost": 43600.19,
        "Plan Rows": 91974,
        "Plan Width": 42,
        "Actual Startup Time": 109.389,
        "Actual Total Time": 131.969,
        "Actual Rows": 24403,
        "Actual Loops": 1,
        "Shared Hit Blocks": 54963,
        "Shared Read Blocks": 0,
        "Shared Dirtied Blocks": 0,
        "Shared Written Blocks": 0,
        "Local Hit Blocks": 0,
        "Local Read Blocks": 0,
        "Local Dirtied Blocks": 0,
        "Local Written Blocks": 0,
        "Temp Read Blocks": 0,
        "Temp Written Blocks": 0,
        "Plans": [
          {
            "Node Type": "Incremental Sort",
            "Parent Relationship": "Outer",
            "Parallel Aware": false,
            "Async Capable": false,
            "Startup Cost": 38107.9,
            "Total Cost": 42450.52,
            "Plan Rows": 91974,
            "Plan Width": 42,
            "Actual Startup Time": 109.389,
            "Actual Total Time": 128.083,
            "Actual Rows": 24403,
            "Actual Loops": 1,
            "Sort Key": [
              "u.id",
              "u.displayname",
              "u2.id",
              "u2.displayname",
              "(row_number() OVER (?))"
            ],
            "Presorted Key": [
              "u.id"
            ],
            "Full-sort Groups": {
              "Group Count": 749,
              "Sort Methods Used": [
                "quicksort"
              ],
              "Sort Space Memory": {
                "Average Sort Space Used": 27,
                "Peak Sort Space Used": 27
              }
            },
            "Shared Hit Blocks": 54963,
            "Shared Read Blocks": 0,
            "Shared Dirtied Blocks": 0,
            "Shared Written Blocks": 0,
            "Local Hit Blocks": 0,
            "Local Read Blocks": 0,
            "Local Dirtied Blocks": 0,
            "Local Written Blocks": 0,
            "Temp Read Blocks": 0,
            "Temp Written Blocks": 0,
            "Plans": [
              {
                "Node Type": "WindowAgg",
                "Parent Relationship": "Outer",
                "Parallel Aware": false,
                "Async Capable": false,
                "Startup Cost": 38107.84,
                "Total Cost": 39947.3,
                "Plan Rows": 91974,
                "Plan Width": 42,
                "Actual Startup Time": 109.323,
                "Actual Total Time": 121.772,
                "Actual Rows": 24403,
                "Actual Loops": 1,
                "Run Condition": "(row_number() OVER (?) <= 3)",
                "Shared Hit Blocks": 54963,
                "Shared Read Blocks": 0,
                "Shared Dirtied Blocks": 0,
                "Shared Written Blocks": 0,
                "Local Hit Blocks": 0,
                "Local Read Blocks": 0,
                "Local Dirtied Blocks": 0,
                "Local Written Blocks": 0,
                "Temp Read Blocks": 0,
                "Temp Written Blocks": 0,
                "Plans": [
                  {
                    "Node Type": "Sort",
                    "Parent Relationship": "Outer",
                    "Parallel Aware": false,
                    "Async Capable": false,
                    "Startup Cost": 38107.82,
                    "Total Cost": 38337.76,
                    "Plan Rows": 91974,
                    "Plan Width": 34,
                    "Actual Startup Time": 109.315,
                    "Actual Total Time": 111.292,
                    "Actual Rows": 44696,
                    "Actual Loops": 1,
                    "Sort Key": [
                      "u.id",
                      "a.creationdate DESC"
                    ],
                    "Sort Method": "quicksort",
                    "Sort Space Used": 3788,
                    "Sort Space Type": "Memory",
                    "Shared Hit Blocks": 54963,
                    "Shared Read Blocks": 0,
                    "Shared Dirtied Blocks": 0,
                    "Shared Written Blocks": 0,
                    "Local Hit Blocks": 0,
                    "Local Read Blocks": 0,
                    "Local Dirtied Blocks": 0,
                    "Local Written Blocks": 0,
                    "Temp Read Blocks": 0,
                    "Temp Written Blocks": 0,
                    "Plans": [
                      {
                        "Node Type": "Hash Join",
                        "Parent Relationship": "Outer",
                        "Parallel Aware": false,
                        "Async Capable": false,
                        "Join Type": "Inner",
                        "Startup Cost": 3635.23,
                        "Total Cost": 28008.55,
                        "Plan Rows": 91974,
                        "Plan Width": 34,
                        "Actual Startup Time": 18.036,
                        "Actual Total Time": 96.501,
                        "Actual Rows": 44696,
                        "Actual Loops": 1,
                        "Inner Unique": true,
                        "Hash Cond": "(a.owneruserid = u2.id)",
                        "Join Filter": "(u2.id <> u.id)",
                        "Rows Removed by Join Filter": 1442,
                        "Shared Hit Blocks": 54963,
                        "Shared Read Blocks": 0,
                        "Shared Dirtied Blocks": 0,
                        "Shared Written Blocks": 0,
                        "Local Hit Blocks": 0,
                        "Local Read Blocks": 0,
                        "Local Dirtied Blocks": 0,
                        "Local Written Blocks": 0,
                        "Temp Read Blocks": 0,
                        "Temp Written Blocks": 0,
                        "Plans": [
                          {
                            "Node Type": "Hash Join",
                            "Parent Relationship": "Outer",
                            "Parallel Aware": false,
                            "Async Capable": false,
                            "Join Type": "Inner",
                            "Startup Cost": 1823.91,
                            "Total Cost": 25955.78,
                            "Plan Rows": 91976,
                            "Plan Width": 25,
                            "Actual Startup Time": 9.057,
                            "Actual Total Time": 76.466,
                            "Actual Rows": 46720,
                            "Actual Loops": 1,
                            "Inner Unique": true,
                            "Hash Cond": "(p.owneruserid = u.id)",
                            "Shared Hit Blocks": 54059,
                            "Shared Read Blocks": 0,
                            "Shared Dirtied Blocks": 0,
                            "Shared Written Blocks": 0,
                            "Local Hit Blocks": 0,
                            "Local Read Blocks": 0,
                            "Local Dirtied Blocks": 0,
                            "Local Written Blocks": 0,
                            "Temp Read Blocks": 0,
                            "Temp Written Blocks": 0,
                            "Plans": [
                              {
                                "Node Type": "Merge Join",
                                "Parent Relationship": "Outer",
                                "Parallel Aware": false,
                                "Async Capable": false,
                                "Join Type": "Inner",
                                "Startup Cost": 12.6,
                                "Total Cost": 23903.01,
                                "Plan Rows": 91976,
                                "Plan Width": 16,
                                "Actual Startup Time": 0.057,
                                "Actual Total Time": 56.863,
                                "Actual Rows": 47755,
                                "Actual Loops": 1,
                                "Inner Unique": false,
                                "Merge Cond": "(p.id = a.parentid)",
                                "Shared Hit Blocks": 53155,
                                "Shared Read Blocks": 0,
                                "Shared Dirtied Blocks": 0,
                                "Shared Written Blocks": 0,
                                "Local Hit Blocks": 0,
                                "Local Read Blocks": 0,
                                "Local Dirtied Blocks": 0,
                                "Local Written Blocks": 0,
                                "Temp Read Blocks": 0,
                                "Temp Written Blocks": 0,
                                "Plans": [
                                  {
                                    "Node Type": "Index Scan",
                                    "Parent Relationship": "Outer",
                                    "Parallel Aware": false,
                                    "Async Capable": false,
                                    "Scan Direction": "Forward",
                                    "Index Name": "posts_pkey",
                                    "Relation Name": "posts",
                                    "Alias": "p",
                                    "Startup Cost": 0.29,
                                    "Total Cost": 13889.79,
                                    "Plan Rows": 91976,
                                    "Plan Width": 8,
                                    "Actual Startup Time": 0.011,
                                    "Actual Total Time": 14.417,
                                    "Actual Rows": 91974,
                                    "Actual Loops": 1,
                                    "Shared Hit Blocks": 13541,
                                    "Shared Read Blocks": 0,
                                    "Shared Dirtied Blocks": 0,
                                    "Shared Written Blocks": 0,
                                    "Local Hit Blocks": 0,
                                    "Local Read Blocks": 0,
                                    "Local Dirtied Blocks": 0,
                                    "Local Written Blocks": 0,
                                    "Temp Read Blocks": 0,
                                    "Temp Written Blocks": 0
                                  },
                                  {
                                    "Node Type": "Index Scan",
                                    "Parent Relationship": "Inner",
                                    "Parallel Aware": false,
                                    "Async Capable": false,
                                    "Scan Direction": "Forward",
                                    "Index Name": "posts_parentid_fkey",
                                    "Relation Name": "posts",
                                    "Alias": "a",
                                    "Startup Cost": 0.29,
                                    "Total Cost": 17597.98,
                                    "Plan Rows": 91976,
                                    "Plan Width": 16,
                                    "Actual Startup Time": 0.007,
                                    "Actual Total Time": 19.189,
                                    "Actual Rows": 47756,
                                    "Actual Loops": 1,
                                    "Shared Hit Blocks": 39614,
                                    "Shared Read Blocks": 0,
                                    "Shared Dirtied Blocks": 0,
                                    "Shared Written Blocks": 0,
                                    "Local Hit Blocks": 0,
                                    "Local Read Blocks": 0,
                                    "Local Dirtied Blocks": 0,
                                    "Local Written Blocks": 0,
                                    "Temp Read Blocks": 0,
                                    "Temp Written Blocks": 0
                                  }
                                ]
                              },
                              {
                                "Node Type": "Hash",
                                "Parent Relationship": "Inner",
                                "Parallel Aware": false,
                                "Async Capable": false,
                                "Startup Cost": 1307.25,
                                "Total Cost": 1307.25,
                                "Plan Rows": 40325,
                                "Plan Width": 13,
                                "Actual Startup Time": 8.957,
                                "Actual Total Time": 8.958,
                                "Actual Rows": 40325,
                                "Actual Loops": 1,
                                "Hash Buckets": 65536,
                                "Original Hash Buckets": 65536,
                                "Hash Batches": 1,
                                "Original Hash Batches": 1,
                                "Peak Memory Usage": 2307,
                                "Shared Hit Blocks": 904,
                                "Shared Read Blocks": 0,
                                "Shared Dirtied Blocks": 0,
                                "Shared Written Blocks": 0,
                                "Local Hit Blocks": 0,
                                "Local Read Blocks": 0,
                                "Local Dirtied Blocks": 0,
                                "Local Written Blocks": 0,
                                "Temp Read Blocks": 0,
                                "Temp Written Blocks": 0,
                                "Plans": [
                                  {
                                    "Node Type": "Seq Scan",
                                    "Parent Relationship": "Outer",
                                    "Parallel Aware": false,
                                    "Async Capable": false,
                                    "Relation Name": "users",
                                    "Alias": "u",
                                    "Startup Cost": 0.0,
                                    "Total Cost": 1307.25,
                                    "Plan Rows": 40325,
                                    "Plan Width": 13,
                                    "Actual Startup Time": 0.007,
                                    "Actual Total Time": 4.427,
                                    "Actual Rows": 40325,
                                    "Actual Loops": 1,
                                    "Shared Hit Blocks": 904,
                                    "Shared Read Blocks": 0,
                                    "Shared Dirtied Blocks": 0,
                                    "Shared Written Blocks": 0,
                                    "Local Hit Blocks": 0,
                                    "Local Read Blocks": 0,
                                    "Local Dirtied Blocks": 0,
                                    "Local Written Blocks": 0,
                                    "Temp Read Blocks": 0,
                                    "Temp Written Blocks": 0
                                  }
                                ]
                              }
                            ]
                          },
                          {
                            "Node Type": "Hash",
                            "Parent Relationship": "Inner",
                            "Parallel Aware": false,
                            "Async Capable": false,
                            "Startup Cost": 1307.25,
                            "Total Cost": 1307.25,
                            "Plan Rows": 40325,
                            "Plan Width": 13,
                            "Actual Startup Time": 8.941,
                            "Actual Total Time": 8.942,
                            "Actual Rows": 40325,
                            "Actual Loops": 1,
                            "Hash Buckets": 65536,
                            "Original Hash Buckets": 65536,
                            "Hash Batches": 1,
                            "Original Hash Batches": 1,
                            "Peak Memory Usage": 2307,
                            "Shared Hit Blocks": 904,
                            "Shared Read Blocks": 0,
                            "Shared Dirtied Blocks": 0,
                            "Shared Written Blocks": 0,
                            "Local Hit Blocks": 0,
                            "Local Read Blocks": 0,
                            "Local Dirtied Blocks": 0,
                            "Local Written Blocks": 0,
                            "Temp Read Blocks": 0,
                            "Temp Written Blocks": 0,
                            "Plans": [
                              {
                                "Node Type": "Seq Scan",
                                "Parent Relationship": "Outer",
                                "Parallel Aware": false,
                                "Async Capable": false,
                                "Relation Name": "users",
                                "Alias": "u2",
                                "Startup Cost": 0.0,
                                "Total Cost": 1307.25,
                                "Plan Rows": 40325,
                                "Plan Width": 13,
                                "Actual Startup Time": 0.006,
                                "Actual Total Time": 4.548,
                                "Actual Rows": 40325,
                                "Actual Loops": 1,
                                "Shared Hit Blocks": 904,
                                "Shared Read Blocks": 0,
                                "Shared Dirtied Blocks": 0,
                                "Shared Written Blocks": 0,
                                "Local Hit Blocks": 0,
                                "Local Read Blocks": 0,
                                "Local Dirtied Blocks": 0,
                                "Local Written Blocks": 0,
                                "Temp Read Blocks": 0,
                                "Temp Written Blocks": 0
                              }
                            ]
                          }
                        ]
                      }
                    ]
                  }
                ]
              }
            ]
          }
        ]
      }
    ]
  },
  "Settings": {},
  "Planning": {
    "Shared Hit Blocks": 36,
    "Shared Read Blocks": 0,
    "Shared Dirtied Blocks": 0,
    "Shared Written Blocks": 0,
    "Local Hit Blocks": 0,
    "Local Read Blocks": 0,
    "Local Dirtied Blocks": 0,
    "Local Written Blocks": 0,
    "Temp Read Blocks": 0,
    "Temp Written Blocks": 0
  },
  "Planning Time": 0.513,
  "Triggers": [],
  "Execution Time": 141.797
}