[
    [
        [
            {
                "Plan": {
                    "Node Type": "Aggregate",
                    "Strategy": "Sorted",
                    "Partial Mode": "Simple",
                    "Parallel Aware": false,
                    "Async Capable": false,
                    "Startup Cost": 12.55,
                    "Total Cost": 24118.78,
                    "Plan Rows": 15999,
                    "Plan Width": 36,
                    "Actual Startup Time": 0.056,
                    "Actual Total Time": 394.826,
                    "Actual Rows": 19740,
                    "Actual Loops": 1,
                    "Group Key": [
                        "p1.id"
                    ],
                    "Shared Hit Blocks": 69180,
                    "Shared Read Blocks": 0,
                    "Shared Dirtied Blocks": 0,
                    "Shared Written Blocks": 0,
                    "Local Hit Blocks": 0,
                    "Local Read Blocks": 0,
                    "Local Dirtied Blocks": 0,
                    "Local Written Blocks": 0,
                    "Temp Read Blocks": 0,
                    "Temp Written Blocks": 0,
                    "Plans": [
                        {
                            "Node Type": "Merge Join",
                            "Parent Relationship": "Outer",
                            "Parallel Aware": false,
                            "Async Capable": false,
                            "Join Type": "Inner",
                            "Startup Cost": 12.55,
                            "Total Cost": 23798.8,
                            "Plan Rows": 15999,
                            "Plan Width": 1022,
                            "Actual Startup Time": 0.023,
                            "Actual Total Time": 77.546,
                            "Actual Rows": 23777,
                            "Actual Loops": 1,
                            "Inner Unique": false,
                            "Merge Cond": "(p1.id = posts.parentid)",
                            "Join Filter": "(posts.score >= p1.score)",
                            "Rows Removed by Join Filter": 23978,
                            "Shared Hit Blocks": 64492,
                            "Shared Read Blocks": 0,
                            "Shared Dirtied Blocks": 0,
                            "Shared Written Blocks": 0,
                            "Local Hit Blocks": 0,
                            "Local Read Blocks": 0,
                            "Local Dirtied Blocks": 0,
                            "Local Written Blocks": 0,
                            "Temp Read Blocks": 0,
                            "Temp Written Blocks": 0,
                            "Plans": [
                                {
                                    "Node Type": "Index Scan",
                                    "Parent Relationship": "Outer",
                                    "Parallel Aware": false,
                                    "Async Capable": false,
                                    "Scan Direction": "Forward",
                                    "Index Name": "posts_pkey",
                                    "Relation Name": "posts",
                                    "Alias": "p1",
                                    "Startup Cost": 0.29,
                                    "Total Cost": 13889.79,
                                    "Plan Rows": 91976,
                                    "Plan Width": 8,
                                    "Actual Startup Time": 0.007,
                                    "Actual Total Time": 15.663,
                                    "Actual Rows": 91974,
                                    "Actual Loops": 1,
                                    "Shared Hit Blocks": 13541,
                                    "Shared Read Blocks": 0,
                                    "Shared Dirtied Blocks": 0,
                                    "Shared Written Blocks": 0,
                                    "Local Hit Blocks": 0,
                                    "Local Read Blocks": 0,
                                    "Local Dirtied Blocks": 0,
                                    "Local Written Blocks": 0,
                                    "Temp Read Blocks": 0,
                                    "Temp Written Blocks": 0
                                },
                                {
                                    "Node Type": "Index Scan",
                                    "Parent Relationship": "Inner",
                                    "Parallel Aware": false,
                                    "Async Capable": false,
                                    "Scan Direction": "Forward",
                                    "Index Name": "posts_parentid_fkey",
                                    "Relation Name": "posts",
                                    "Alias": "posts",
                                    "Startup Cost": 0.29,
                                    "Total Cost": 17827.92,
                                    "Plan Rows": 47996,
                                    "Plan Width": 1018,
                                    "Actual Startup Time": 0.006,
                                    "Actual Total Time": 36.983,
                                    "Actual Rows": 47755,
                                    "Actual Loops": 1,
                                    "Filter": "(posttypeid = 2)",
                                    "Rows Removed by Filter": 44221,
                                    "Shared Hit Blocks": 50951,
                                    "Shared Read Blocks": 0,
                                    "Shared Dirtied Blocks": 0,
                                    "Shared Written Blocks": 0,
                                    "Local Hit Blocks": 0,
                                    "Local Read Blocks": 0,
                                    "Local Dirtied Blocks": 0,
                                    "Local Written Blocks": 0,
                                    "Temp Read Blocks": 0,
                                    "Temp Written Blocks": 0
                                }
                            ]
                        }
                    ]
                },
                "Settings": {},
                "Planning": {
                    "Shared Hit Blocks": 12,
                    "Shared Read Blocks": 0,
                    "Shared Dirtied Blocks": 0,
                    "Shared Written Blocks": 0,
                    "Local Hit Blocks": 0,
                    "Local Read Blocks": 0,
                    "Local Dirtied Blocks": 0,
                    "Local Written Blocks": 0,
                    "Temp Read Blocks": 0,
                    "Temp Written Blocks": 0
                },
                "Planning Time": 0.221,
                "Triggers": [],
                "Execution Time": 395.608
            }
        ]
    ]
]