[
    [
        [
            {
                "Plan": {
                    "Node Type": "Aggregate",
                    "Strategy": "Sorted",
                    "Partial Mode": "Simple",
                    "Parallel Aware": false,
                    "Async Capable": false,
                    "Startup Cost": 28682.71,
                    "Total Cost": 30866.03,
                    "Plan Rows": 15999,
                    "Plan Width": 36,
                    "Actual Startup Time": 777.151,
                    "Actual Total Time": 1127.092,
                    "Actual Rows": 19740,
                    "Actual Loops": 1,
                    "Group Key": [
                        "p1.id"
                    ],
                    "Shared Hit Blocks": 31146,
                    "Shared Read Blocks": 0,
                    "Shared Dirtied Blocks": 0,
                    "Shared Written Blocks": 0,
                    "Local Hit Blocks": 0,
                    "Local Read Blocks": 0,
                    "Local Dirtied Blocks": 0,
                    "Local Written Blocks": 0,
                    "Temp Read Blocks": 3302,
                    "Temp Written Blocks": 3308,
                    "Plans": [
                        {
                            "Node Type": "Gather Merge",
                            "Parent Relationship": "Outer",
                            "Parallel Aware": false,
                            "Async Capable": false,
                            "Startup Cost": 28682.71,
                            "Total Cost": 30546.05,
                            "Plan Rows": 15999,
                            "Plan Width": 1046,
                            "Actual Startup Time": 777.114,
                            "Actual Total Time": 814.189,
                            "Actual Rows": 23777,
                            "Actual Loops": 1,
                            "Workers Planned": 2,
                            "Workers Launched": 2,
                            "Shared Hit Blocks": 31146,
                            "Shared Read Blocks": 0,
                            "Shared Dirtied Blocks": 0,
                            "Shared Written Blocks": 0,
                            "Local Hit Blocks": 0,
                            "Local Read Blocks": 0,
                            "Local Dirtied Blocks": 0,
                            "Local Written Blocks": 0,
                            "Temp Read Blocks": 3302,
                            "Temp Written Blocks": 3308,
                            "Plans": [
                                {
                                    "Node Type": "Sort",
                                    "Parent Relationship": "Outer",
                                    "Parallel Aware": false,
                                    "Async Capable": false,
                                    "Startup Cost": 27682.68,
                                    "Total Cost": 27699.35,
                                    "Plan Rows": 6666,
                                    "Plan Width": 1046,
                                    "Actual Startup Time": 774.981,
                                    "Actual Total Time": 778.177,
                                    "Actual Rows": 7926,
                                    "Actual Loops": 3,
                                    "Sort Key": [
                                        "p1.id"
                                    ],
                                    "Sort Method": "external merge",
                                    "Sort Space Used": 8968,
                                    "Sort Space Type": "Disk",
                                    "Shared Hit Blocks": 31146,
                                    "Shared Read Blocks": 0,
                                    "Shared Dirtied Blocks": 0,
                                    "Shared Written Blocks": 0,
                                    "Local Hit Blocks": 0,
                                    "Local Read Blocks": 0,
                                    "Local Dirtied Blocks": 0,
                                    "Local Written Blocks": 0,
                                    "Temp Read Blocks": 3302,
                                    "Temp Written Blocks": 3308,
                                    "Workers": [
                                        {
                                            "Worker Number": 0,
                                            "Sort Method": "external merge",
                                            "Sort Space Used": 8760,
                                            "Sort Space Type": "Disk"
                                        },
                                        {
                                            "Worker Number": 1,
                                            "Sort Method": "external merge",
                                            "Sort Space Used": 8688,
                                            "Sort Space Type": "Disk"
                                        }
                                    ],
                                    "Plans": [
                                        {
                                            "Node Type": "Hash Join",
                                            "Parent Relationship": "Outer",
                                            "Parallel Aware": true,
                                            "Async Capable": false,
                                            "Join Type": "Inner",
                                            "Startup Cost": 12262.27,
                                            "Total Cost": 24203.81,
                                            "Plan Rows": 6666,
                                            "Plan Width": 1046,
                                            "Actual Startup Time": 17.507,
                                            "Actual Total Time": 754.173,
                                            "Actual Rows": 7926,
                                            "Actual Loops": 3,
                                            "Inner Unique": true,
                                            "Hash Cond": "(((row_to_json(posts.*) ->> 'parentid': :text)): :integer = p1.id)",
                                            "Join Filter": "(((row_to_json(posts.*) ->> 'score': :text)): :integer >= p1.score)",
                                            "Rows Removed by Join Filter": 7993,
                                            "Shared Hit Blocks": 31074,
                                            "Shared Read Blocks": 0,
                                            "Shared Dirtied Blocks": 0,
                                            "Shared Written Blocks": 0,
                                            "Local Hit Blocks": 0,
                                            "Local Read Blocks": 0,
                                            "Local Dirtied Blocks": 0,
                                            "Local Written Blocks": 0,
                                            "Temp Read Blocks": 0,
                                            "Temp Written Blocks": 0,
                                            "Workers": [],
                                            "Plans": [
                                                {
                                                    "Node Type": "Seq Scan",
                                                    "Parent Relationship": "Outer",
                                                    "Parallel Aware": true,
                                                    "Async Capable": false,
                                                    "Relation Name": "posts",
                                                    "Alias": "posts",
                                                    "Startup Cost": 0.0,
                                                    "Total Cost": 11879.04,
                                                    "Plan Rows": 19998,
                                                    "Plan Width": 1042,
                                                    "Actual Startup Time": 0.025,
                                                    "Actual Total Time": 28.342,
                                                    "Actual Rows": 15918,
                                                    "Actual Loops": 3,
                                                    "Filter": "(posttypeid = 2)",
                                                    "Rows Removed by Filter": 14740,
                                                    "Shared Hit Blocks": 19566,
                                                    "Shared Read Blocks": 0,
                                                    "Shared Dirtied Blocks": 0,
                                                    "Shared Written Blocks": 0,
                                                    "Local Hit Blocks": 0,
                                                    "Local Read Blocks": 0,
                                                    "Local Dirtied Blocks": 0,
                                                    "Local Written Blocks": 0,
                                                    "Temp Read Blocks": 0,
                                                    "Temp Written Blocks": 0,
                                                    "Workers": []
                                                },
                                                {
                                                    "Node Type": "Hash",
                                                    "Parent Relationship": "Inner",
                                                    "Parallel Aware": true,
                                                    "Async Capable": false,
                                                    "Startup Cost": 11783.23,
                                                    "Total Cost": 11783.23,
                                                    "Plan Rows": 38323,
                                                    "Plan Width": 8,
                                                    "Actual Startup Time": 16.813,
                                                    "Actual Total Time": 16.814,
                                                    "Actual Rows": 30659,
                                                    "Actual Loops": 3,
                                                    "Hash Buckets": 131072,
                                                    "Original Hash Buckets": 131072,
                                                    "Hash Batches": 1,
                                                    "Original Hash Batches": 1,
                                                    "Peak Memory Usage": 4672,
                                                    "Shared Hit Blocks": 11400,
                                                    "Shared Read Blocks": 0,
                                                    "Shared Dirtied Blocks": 0,
                                                    "Shared Written Blocks": 0,
                                                    "Local Hit Blocks": 0,
                                                    "Local Read Blocks": 0,
                                                    "Local Dirtied Blocks": 0,
                                                    "Local Written Blocks": 0,
                                                    "Temp Read Blocks": 0,
                                                    "Temp Written Blocks": 0,
                                                    "Workers": [],
                                                    "Plans": [
                                                        {
                                                            "Node Type": "Seq Scan",
                                                            "Parent Relationship": "Outer",
                                                            "Parallel Aware": true,
                                                            "Async Capable": false,
                                                            "Relation Name": "posts",
                                                            "Alias": "p1",
                                                            "Startup Cost": 0.0,
                                                            "Total Cost": 11783.23,
                                                            "Plan Rows": 38323,
                                                            "Plan Width": 8,
                                                            "Actual Startup Time": 0.01,
                                                            "Actual Total Time": 10.025,
                                                            "Actual Rows": 30659,
                                                            "Actual Loops": 3,
                                                            "Shared Hit Blocks": 11400,
                                                            "Shared Read Blocks": 0,
                                                            "Shared Dirtied Blocks": 0,
                                                            "Shared Written Blocks": 0,
                                                            "Local Hit Blocks": 0,
                                                            "Local Read Blocks": 0,
                                                            "Local Dirtied Blocks": 0,
                                                            "Local Written Blocks": 0,
                                                            "Temp Read Blocks": 0,
                                                            "Temp Written Blocks": 0,
                                                            "Workers": []
                                                        }
                                                    ]
                                                }
                                            ]
                                        }
                                    ]
                                }
                            ]
                        }
                    ]
                },
                "Settings": {},
                "Planning": {
                    "Shared Hit Blocks": 0,
                    "Shared Read Blocks": 0,
                    "Shared Dirtied Blocks": 0,
                    "Shared Written Blocks": 0,
                    "Local Hit Blocks": 0,
                    "Local Read Blocks": 0,
                    "Local Dirtied Blocks": 0,
                    "Local Written Blocks": 0,
                    "Temp Read Blocks": 0,
                    "Temp Written Blocks": 0
                },
                "Planning Time": 0.171,
                "Triggers": [],
                "Execution Time": 1130.356
            }
        ]
    ]
]