[
    [
        [
            {
                "Plan": {
                    "Node Type": "Aggregate",
                    "Strategy": "Sorted",
                    "Partial Mode": "Simple",
                    "Parallel Aware": false,
                    "Async Capable": false,
                    "Startup Cost": 62227.37,
                    "Total Cost": 64398.69,
                    "Plan Rows": 15911,
                    "Plan Width": 36,
                    "Actual Startup Time": 228.252,
                    "Actual Total Time": 814.258,
                    "Actual Rows": 19740,
                    "Actual Loops": 1,
                    "Group Key": [
                        "p1.id"
                    ],
                    "Plans": [
                        {
                            "Node Type": "Gather Merge",
                            "Parent Relationship": "Outer",
                            "Parallel Aware": false,
                            "Async Capable": false,
                            "Startup Cost": 62227.37,
                            "Total Cost": 64080.47,
                            "Plan Rows": 15911,
                            "Plan Width": 865,
                            "Actual Startup Time": 228.168,
                            "Actual Total Time": 258.286,
                            "Actual Rows": 23777,
                            "Actual Loops": 1,
                            "Workers Planned": 2,
                            "Workers Launched": 2,
                            "Plans": [
                                {
                                    "Node Type": "Sort",
                                    "Parent Relationship": "Outer",
                                    "Parallel Aware": false,
                                    "Async Capable": false,
                                    "Startup Cost": 61227.35,
                                    "Total Cost": 61243.93,
                                    "Plan Rows": 6630,
                                    "Plan Width": 865,
                                    "Actual Startup Time": 218.374,
                                    "Actual Total Time": 224.014,
                                    "Actual Rows": 7926,
                                    "Actual Loops": 3,
                                    "Sort Key": [
                                        "p1.id"
                                    ],
                                    "Sort Method": "external merge",
                                    "Sort Space Used": 7376,
                                    "Sort Space Type": "Disk",
                                    "Workers": [
                                        {
                                            "Worker Number": 0,
                                            "Sort Method": "external merge",
                                            "Sort Space Used": 5456,
                                            "Sort Space Type": "Disk"
                                        },
                                        {
                                            "Worker Number": 1,
                                            "Sort Method": "external merge",
                                            "Sort Space Used": 4800,
                                            "Sort Space Type": "Disk"
                                        }
                                    ],
                                    "Plans": [
                                        {
                                            "Node Type": "Hash Join",
                                            "Parent Relationship": "Outer",
                                            "Parallel Aware": true,
                                            "Async Capable": false,
                                            "Join Type": "Inner",
                                            "Startup Cost": 29298.27,
                                            "Total Cost": 58265.52,
                                            "Plan Rows": 6630,
                                            "Plan Width": 865,
                                            "Actual Startup Time": 85.88,
                                            "Actual Total Time": 171.775,
                                            "Actual Rows": 7926,
                                            "Actual Loops": 3,
                                            "Inner Unique": true,
                                            "Hash Cond": "(posts.parentid = p1.id)",
                                            "Join Filter": "(posts.score >= p1.score)",
                                            "Rows Removed by Join Filter": 7993,
                                            "Workers": [],
                                            "Plans": [
                                                {
                                                    "Node Type": "Seq Scan",
                                                    "Parent Relationship": "Outer",
                                                    "Parallel Aware": true,
                                                    "Async Capable": false,
                                                    "Relation Name": "posts",
                                                    "Alias": "posts",
                                                    "Startup Cost": 0.0,
                                                    "Total Cost": 28915.04,
                                                    "Plan Rows": 19888,
                                                    "Plan Width": 861,
                                                    "Actual Startup Time": 0.042,
                                                    "Actual Total Time": 65.9,
                                                    "Actual Rows": 15918,
                                                    "Actual Loops": 3,
                                                    "Filter": "(posttypeid = 2)",
                                                    "Rows Removed by Filter": 14740,
                                                    "Workers": []
                                                },
                                                {
                                                    "Node Type": "Hash",
                                                    "Parent Relationship": "Inner",
                                                    "Parallel Aware": true,
                                                    "Async Capable": false,
                                                    "Startup Cost": 28819.23,
                                                    "Total Cost": 28819.23,
                                                    "Plan Rows": 38323,
                                                    "Plan Width": 8,
                                                    "Actual Startup Time": 83.408,
                                                    "Actual Total Time": 83.409,
                                                    "Actual Rows": 30659,
                                                    "Actual Loops": 3,
                                                    "Hash Buckets": 131072,
                                                    "Original Hash Buckets": 131072,
                                                    "Hash Batches": 1,
                                                    "Original Hash Batches": 1,
                                                    "Peak Memory Usage": 4672,
                                                    "Workers": [],
                                                    "Plans": [
                                                        {
                                                            "Node Type": "Seq Scan",
                                                            "Parent Relationship": "Outer",
                                                            "Parallel Aware": true,
                                                            "Async Capable": false,
                                                            "Relation Name": "posts",
                                                            "Alias": "p1",
                                                            "Startup Cost": 0.0,
                                                            "Total Cost": 28819.23,
                                                            "Plan Rows": 38323,
                                                            "Plan Width": 8,
                                                            "Actual Startup Time": 0.068,
                                                            "Actual Total Time": 63.024,
                                                            "Actual Rows": 30659,
                                                            "Actual Loops": 3,
                                                            "Workers": []
                                                        }
                                                    ]
                                                }
                                            ]
                                        }
                                    ]
                                }
                            ]
                        }
                    ]
                },
                "Settings": {},
                "Planning Time": 0.556,
                "Triggers": [],
                "Execution Time": 819.458
            }
        ]
    ]
]